<?xml version="1.0" encoding="UTF-8"?>
<!-- Generated by org.testng.reporters.JUnitXMLReporter -->
<testsuite hostname="RichaHome" name="Command line test" tests="1" failures="1" timestamp="9 Aug 2017 22:36:59 GMT" time="20.97" errors="0">
  <testcase name="basetest" time="20.897" classname="com.itelearn.TestBase.TestBase">
    <failure type="java.lang.NullPointerException">
      <![CDATA[java.lang.NullPointerException
	at com.itelearn.Utility.SeleniumHelper.elementTyp(SeleniumHelper.java:81)
	at com.itelearn.Utility.SeleniumHelper.clicklnk(SeleniumHelper.java:161)
	at com.itelearn.Utility.SeleniumHelper.execute(SeleniumHelper.java:37)
	at com.itelearn.TestBase.TestBase.basetest(TestBase.java:80)
... Removed 33 stack frames]]>
    </failure>
  </testcase> <!-- basetest -->
</testsuite> <!-- Command line test -->
