<?xml version="1.0" encoding="UTF-8"?>
<testng-results skipped="0" failed="0" total="1" passed="1">
  <reporter-output>
  </reporter-output>
  <suite name="Default suite" duration-ms="35018" started-at="2017-08-10T16:49:48Z" finished-at="2017-08-10T16:50:23Z">
    <groups>
    </groups>
    <test name="Default test" duration-ms="35018" started-at="2017-08-10T16:49:48Z" finished-at="2017-08-10T16:50:23Z">
      <class name="com.itelearn.TestBase.TestBase">
        <test-method status="PASS" signature="settingBrowserProperties()[pri:0, instance:com.itelearn.TestBase.TestBase@77b52d12]" name="settingBrowserProperties" is-config="true" duration-ms="22" started-at="2017-08-10T09:49:48Z" finished-at="2017-08-10T09:49:48Z">
          <reporter-output>
          </reporter-output>
        </test-method> <!-- settingBrowserProperties -->
        <test-method status="PASS" signature="basetest()[pri:0, instance:com.itelearn.TestBase.TestBase@77b52d12]" name="basetest" duration-ms="32705" started-at="2017-08-10T09:49:48Z" finished-at="2017-08-10T09:50:21Z">
          <reporter-output>
          </reporter-output>
        </test-method> <!-- basetest -->
        <test-method status="PASS" signature="teardown()[pri:0, instance:com.itelearn.TestBase.TestBase@77b52d12]" name="teardown" is-config="true" duration-ms="728" started-at="2017-08-10T09:50:23Z" finished-at="2017-08-10T09:50:23Z">
          <reporter-output>
          </reporter-output>
        </test-method> <!-- teardown -->
      </class> <!-- com.itelearn.TestBase.TestBase -->
    </test> <!-- Default test -->
  </suite> <!-- Default suite -->
</testng-results>
