<?xml version="1.0" encoding="UTF-8"?>
<testng-results skipped="0" failed="0" ignored="0" total="1" passed="1">
  <reporter-output>
  </reporter-output>
  <suite name="Default suite" duration-ms="171073" started-at="2017-08-11T20:59:43Z" finished-at="2017-08-11T21:02:34Z">
    <groups>
    </groups>
    <test name="Default test" duration-ms="171073" started-at="2017-08-11T20:59:43Z" finished-at="2017-08-11T21:02:34Z">
      <class name="com.itelearn.TestBase.TestBase">
        <test-method status="PASS" signature="settingBrowserProperties()[pri:0, instance:com.itelearn.TestBase.TestBase@327471b5]" name="settingBrowserProperties" is-config="true" duration-ms="52" started-at="2017-08-11T13:59:43Z" finished-at="2017-08-11T13:59:43Z">
          <reporter-output>
          </reporter-output>
        </test-method> <!-- settingBrowserProperties -->
        <test-method status="PASS" signature="basetest()[pri:0, instance:com.itelearn.TestBase.TestBase@327471b5]" name="basetest" duration-ms="166798" started-at="2017-08-11T13:59:43Z" finished-at="2017-08-11T14:02:30Z">
          <reporter-output>
          </reporter-output>
        </test-method> <!-- basetest -->
        <test-method status="PASS" signature="teardown()[pri:0, instance:com.itelearn.TestBase.TestBase@327471b5]" name="teardown" is-config="true" duration-ms="4132" started-at="2017-08-11T14:02:30Z" finished-at="2017-08-11T14:02:34Z">
          <reporter-output>
          </reporter-output>
        </test-method> <!-- teardown -->
      </class> <!-- com.itelearn.TestBase.TestBase -->
    </test> <!-- Default test -->
  </suite> <!-- Default suite -->
</testng-results>
